Data sets loaded and split
Accuracy with C = 33.330000 and gamma = 0.010000 on fold 1: 0.952000
Accuracy with C = 33.330000 and gamma = 0.010000 on fold 2: 0.950000
Accuracy with C = 33.330000 and gamma = 0.010000 on fold 3: 0.955000
Accuracy with C = 33.330000 and gamma = 0.010000 on fold 4: 0.949000
Accuracy with C = 33.330000 and gamma = 0.010000 on fold 5: 0.969000
SVC(C=33.33, cache_size=750, class_weight=None, coef0=0.0, degree=3,
  gamma=0.01, kernel=rbf, max_iter=-1, probability=False, shrinking=True,
  tol=0.001, verbose=False)
Overall accuracy with C = 33.330000 and gamma = 0.010000: 0.955000
Data sets loaded and split
Accuracy with C = 33.330000 and gamma = 0.010000 on fold 1: 0.952000
Accuracy with C = 33.330000 and gamma = 0.010000 on fold 2: 0.950000
Accuracy with C = 33.330000 and gamma = 0.010000 on fold 3: 0.955000
Accuracy with C = 33.330000 and gamma = 0.010000 on fold 4: 0.949000
Accuracy with C = 33.330000 and gamma = 0.010000 on fold 5: 0.969000
SVC(C=33.33, cache_size=750, class_weight=None, coef0=0.0, degree=3,
  gamma=0.01, kernel=rbf, max_iter=-1, probability=False, shrinking=True,
  tol=0.001, verbose=False)
Overall accuracy with C = 33.330000 and gamma = 0.010000: 0.955000
Accuracy with C = 33.330000 and gamma = 0.020000 on fold 1: 0.962000
Accuracy with C = 33.330000 and gamma = 0.020000 on fold 2: 0.960000
Accuracy with C = 33.330000 and gamma = 0.020000 on fold 3: 0.963000
Accuracy with C = 33.330000 and gamma = 0.020000 on fold 4: 0.948000
Accuracy with C = 33.330000 and gamma = 0.020000 on fold 5: 0.971000
SVC(C=33.33, cache_size=750, class_weight=None, coef0=0.0, degree=3,
  gamma=0.02, kernel=rbf, max_iter=-1, probability=False, shrinking=True,
  tol=0.001, verbose=False)
Overall accuracy with C = 33.330000 and gamma = 0.020000: 0.960800
Accuracy with C = 33.330000 and gamma = 0.030000 on fold 1: 0.962000
Accuracy with C = 33.330000 and gamma = 0.030000 on fold 2: 0.955000
Accuracy with C = 33.330000 and gamma = 0.030000 on fold 3: 0.961000
Accuracy with C = 33.330000 and gamma = 0.030000 on fold 4: 0.951000
Accuracy with C = 33.330000 and gamma = 0.030000 on fold 5: 0.969000
SVC(C=33.33, cache_size=750, class_weight=None, coef0=0.0, degree=3,
  gamma=0.03, kernel=rbf, max_iter=-1, probability=False, shrinking=True,
  tol=0.001, verbose=False)
Overall accuracy with C = 33.330000 and gamma = 0.030000: 0.959600
Accuracy with C = 33.330000 and gamma = 0.040000 on fold 1: 0.955000
Accuracy with C = 33.330000 and gamma = 0.040000 on fold 2: 0.955000
Accuracy with C = 33.330000 and gamma = 0.040000 on fold 3: 0.964000
Accuracy with C = 33.330000 and gamma = 0.040000 on fold 4: 0.950000
Accuracy with C = 33.330000 and gamma = 0.040000 on fold 5: 0.964000
SVC(C=33.33, cache_size=750, class_weight=None, coef0=0.0, degree=3,
  gamma=0.04, kernel=rbf, max_iter=-1, probability=False, shrinking=True,
  tol=0.001, verbose=False)
Overall accuracy with C = 33.330000 and gamma = 0.040000: 0.957600
Accuracy with C = 33.330000 and gamma = 0.050000 on fold 1: 0.954000
Accuracy with C = 33.330000 and gamma = 0.050000 on fold 2: 0.953000
Accuracy with C = 33.330000 and gamma = 0.050000 on fold 3: 0.956000
Accuracy with C = 33.330000 and gamma = 0.050000 on fold 4: 0.944000
Accuracy with C = 33.330000 and gamma = 0.050000 on fold 5: 0.959000
SVC(C=33.33, cache_size=750, class_weight=None, coef0=0.0, degree=3,
  gamma=0.05, kernel=rbf, max_iter=-1, probability=False, shrinking=True,
  tol=0.001, verbose=False)
Overall accuracy with C = 33.330000 and gamma = 0.050000: 0.953200
Accuracy with C = 33.330000 and gamma = 0.060000 on fold 1: 0.943000
Accuracy with C = 33.330000 and gamma = 0.060000 on fold 2: 0.939000
Accuracy with C = 33.330000 and gamma = 0.060000 on fold 3: 0.943000
Accuracy with C = 33.330000 and gamma = 0.060000 on fold 4: 0.935000
Accuracy with C = 33.330000 and gamma = 0.060000 on fold 5: 0.944000
SVC(C=33.33, cache_size=750, class_weight=None, coef0=0.0, degree=3,
  gamma=0.06, kernel=rbf, max_iter=-1, probability=False, shrinking=True,
  tol=0.001, verbose=False)
Overall accuracy with C = 33.330000 and gamma = 0.060000: 0.940800
Accuracy with C = 66.660000 and gamma = 0.010000 on fold 1: 0.952000
Accuracy with C = 66.660000 and gamma = 0.010000 on fold 2: 0.950000
Accuracy with C = 66.660000 and gamma = 0.010000 on fold 3: 0.955000
Accuracy with C = 66.660000 and gamma = 0.010000 on fold 4: 0.949000
Accuracy with C = 66.660000 and gamma = 0.010000 on fold 5: 0.969000
SVC(C=66.66, cache_size=750, class_weight=None, coef0=0.0, degree=3,
  gamma=0.01, kernel=rbf, max_iter=-1, probability=False, shrinking=True,
  tol=0.001, verbose=False)
Overall accuracy with C = 66.660000 and gamma = 0.010000: 0.955000
Accuracy with C = 66.660000 and gamma = 0.020000 on fold 1: 0.962000
Accuracy with C = 66.660000 and gamma = 0.020000 on fold 2: 0.960000
Accuracy with C = 66.660000 and gamma = 0.020000 on fold 3: 0.963000
Accuracy with C = 66.660000 and gamma = 0.020000 on fold 4: 0.948000
Starting at 2013-06-16 03:44:26.765147Data sets loaded and split
Accuracy with C = 3.000000 and gamma = 0.010000 on fold 1: 0.956000
Accuracy with C = 3.000000 and gamma = 0.010000 on fold 2: 0.948000
Accuracy with C = 3.000000 and gamma = 0.010000 on fold 3: 0.955000
Accuracy with C = 3.000000 and gamma = 0.010000 on fold 4: 0.944000
Accuracy with C = 3.000000 and gamma = 0.010000 on fold 5: 0.967000
SVC(C=3, cache_size=750, class_weight=None, coef0=0.0, degree=3, gamma=0.01,
  kernel=rbf, max_iter=-1, probability=False, shrinking=True, tol=0.001,
  verbose=False)
Overall accuracy with C = 3.000000 and gamma = 0.010000: 0.954000
Accuracy with C = 3.000000 and gamma = 0.015000 on fold 1: 0.957000
Accuracy with C = 3.000000 and gamma = 0.015000 on fold 2: 0.955000
Accuracy with C = 3.000000 and gamma = 0.015000 on fold 3: 0.962000
Accuracy with C = 3.000000 and gamma = 0.015000 on fold 4: 0.949000
Accuracy with C = 3.000000 and gamma = 0.015000 on fold 5: 0.971000
SVC(C=3, cache_size=750, class_weight=None, coef0=0.0, degree=3, gamma=0.015,
  kernel=rbf, max_iter=-1, probability=False, shrinking=True, tol=0.001,
  verbose=False)
Overall accuracy with C = 3.000000 and gamma = 0.015000: 0.958800
Accuracy with C = 3.000000 and gamma = 0.020000 on fold 1: 0.961000
Accuracy with C = 3.000000 and gamma = 0.020000 on fold 2: 0.959000
Accuracy with C = 3.000000 and gamma = 0.020000 on fold 3: 0.962000
Accuracy with C = 3.000000 and gamma = 0.020000 on fold 4: 0.947000
Accuracy with C = 3.000000 and gamma = 0.020000 on fold 5: 0.972000
SVC(C=3, cache_size=750, class_weight=None, coef0=0.0, degree=3, gamma=0.02,
  kernel=rbf, max_iter=-1, probability=False, shrinking=True, tol=0.001,
  verbose=False)
Overall accuracy with C = 3.000000 and gamma = 0.020000: 0.960200
Accuracy with C = 3.000000 and gamma = 0.025000 on fold 1: 0.962000
Accuracy with C = 3.000000 and gamma = 0.025000 on fold 2: 0.960000
Accuracy with C = 3.000000 and gamma = 0.025000 on fold 3: 0.962000
Accuracy with C = 3.000000 and gamma = 0.025000 on fold 4: 0.948000
Accuracy with C = 3.000000 and gamma = 0.025000 on fold 5: 0.969000
SVC(C=3, cache_size=750, class_weight=None, coef0=0.0, degree=3, gamma=0.025,
  kernel=rbf, max_iter=-1, probability=False, shrinking=True, tol=0.001,
  verbose=False)
Overall accuracy with C = 3.000000 and gamma = 0.025000: 0.960200
Accuracy with C = 10.000000 and gamma = 0.010000 on fold 1: 0.953000
Accuracy with C = 10.000000 and gamma = 0.010000 on fold 2: 0.950000
Accuracy with C = 10.000000 and gamma = 0.010000 on fold 3: 0.954000
Accuracy with C = 10.000000 and gamma = 0.010000 on fold 4: 0.949000
Accuracy with C = 10.000000 and gamma = 0.010000 on fold 5: 0.970000
SVC(C=10, cache_size=750, class_weight=None, coef0=0.0, degree=3, gamma=0.01,
  kernel=rbf, max_iter=-1, probability=False, shrinking=True, tol=0.001,
  verbose=False)
Overall accuracy with C = 10.000000 and gamma = 0.010000: 0.955200
Accuracy with C = 10.000000 and gamma = 0.015000 on fold 1: 0.956000
Accuracy with C = 10.000000 and gamma = 0.015000 on fold 2: 0.955000
Accuracy with C = 10.000000 and gamma = 0.015000 on fold 3: 0.959000
Accuracy with C = 10.000000 and gamma = 0.015000 on fold 4: 0.949000
Accuracy with C = 10.000000 and gamma = 0.015000 on fold 5: 0.970000
SVC(C=10, cache_size=750, class_weight=None, coef0=0.0, degree=3, gamma=0.015,
  kernel=rbf, max_iter=-1, probability=False, shrinking=True, tol=0.001,
  verbose=False)
Overall accuracy with C = 10.000000 and gamma = 0.015000: 0.957800
Accuracy with C = 10.000000 and gamma = 0.020000 on fold 1: 0.962000
Accuracy with C = 10.000000 and gamma = 0.020000 on fold 2: 0.960000
Accuracy with C = 10.000000 and gamma = 0.020000 on fold 3: 0.963000
Accuracy with C = 10.000000 and gamma = 0.020000 on fold 4: 0.948000
Accuracy with C = 10.000000 and gamma = 0.020000 on fold 5: 0.971000
SVC(C=10, cache_size=750, class_weight=None, coef0=0.0, degree=3, gamma=0.02,
  kernel=rbf, max_iter=-1, probability=False, shrinking=True, tol=0.001,
  verbose=False)
Overall accuracy with C = 10.000000 and gamma = 0.020000: 0.960800
Accuracy with C = 10.000000 and gamma = 0.025000 on fold 1: 0.963000
Accuracy with C = 10.000000 and gamma = 0.025000 on fold 2: 0.960000
Accuracy with C = 10.000000 and gamma = 0.025000 on fold 3: 0.962000
Accuracy with C = 10.000000 and gamma = 0.025000 on fold 4: 0.949000
Accuracy with C = 10.000000 and gamma = 0.025000 on fold 5: 0.968000
SVC(C=10, cache_size=750, class_weight=None, coef0=0.0, degree=3, gamma=0.025,
  kernel=rbf, max_iter=-1, probability=False, shrinking=True, tol=0.001,
  verbose=False)
Overall accuracy with C = 10.000000 and gamma = 0.025000: 0.960400
Accuracy with C = 33.000000 and gamma = 0.010000 on fold 1: 0.952000
Accuracy with C = 33.000000 and gamma = 0.010000 on fold 2: 0.950000
Accuracy with C = 33.000000 and gamma = 0.010000 on fold 3: 0.955000
Accuracy with C = 33.000000 and gamma = 0.010000 on fold 4: 0.949000
Accuracy with C = 33.000000 and gamma = 0.010000 on fold 5: 0.969000
SVC(C=33, cache_size=750, class_weight=None, coef0=0.0, degree=3, gamma=0.01,
  kernel=rbf, max_iter=-1, probability=False, shrinking=True, tol=0.001,
  verbose=False)
Overall accuracy with C = 33.000000 and gamma = 0.010000: 0.955000
Accuracy with C = 33.000000 and gamma = 0.015000 on fold 1: 0.956000
Accuracy with C = 33.000000 and gamma = 0.015000 on fold 2: 0.955000
Accuracy with C = 33.000000 and gamma = 0.015000 on fold 3: 0.959000
Accuracy with C = 33.000000 and gamma = 0.015000 on fold 4: 0.949000
Accuracy with C = 33.000000 and gamma = 0.015000 on fold 5: 0.970000
SVC(C=33, cache_size=750, class_weight=None, coef0=0.0, degree=3, gamma=0.015,
  kernel=rbf, max_iter=-1, probability=False, shrinking=True, tol=0.001,
  verbose=False)
Overall accuracy with C = 33.000000 and gamma = 0.015000: 0.957800
Accuracy with C = 33.000000 and gamma = 0.020000 on fold 1: 0.962000
Accuracy with C = 33.000000 and gamma = 0.020000 on fold 2: 0.960000
Accuracy with C = 33.000000 and gamma = 0.020000 on fold 3: 0.963000
Accuracy with C = 33.000000 and gamma = 0.020000 on fold 4: 0.948000
Accuracy with C = 33.000000 and gamma = 0.020000 on fold 5: 0.971000
SVC(C=33, cache_size=750, class_weight=None, coef0=0.0, degree=3, gamma=0.02,
  kernel=rbf, max_iter=-1, probability=False, shrinking=True, tol=0.001,
  verbose=False)
Overall accuracy with C = 33.000000 and gamma = 0.020000: 0.960800
Accuracy with C = 33.000000 and gamma = 0.025000 on fold 1: 0.963000
Accuracy with C = 33.000000 and gamma = 0.025000 on fold 2: 0.960000
Accuracy with C = 33.000000 and gamma = 0.025000 on fold 3: 0.962000
Accuracy with C = 33.000000 and gamma = 0.025000 on fold 4: 0.949000
Accuracy with C = 33.000000 and gamma = 0.025000 on fold 5: 0.968000
SVC(C=33, cache_size=750, class_weight=None, coef0=0.0, degree=3, gamma=0.025,
  kernel=rbf, max_iter=-1, probability=False, shrinking=True, tol=0.001,
  verbose=False)
Overall accuracy with C = 33.000000 and gamma = 0.025000: 0.960400
Accuracy with C = 100.000000 and gamma = 0.010000 on fold 1: 0.952000
Accuracy with C = 100.000000 and gamma = 0.010000 on fold 2: 0.950000
Accuracy with C = 100.000000 and gamma = 0.010000 on fold 3: 0.955000
Accuracy with C = 100.000000 and gamma = 0.010000 on fold 4: 0.949000
Accuracy with C = 100.000000 and gamma = 0.010000 on fold 5: 0.969000
SVC(C=100, cache_size=750, class_weight=None, coef0=0.0, degree=3, gamma=0.01,
  kernel=rbf, max_iter=-1, probability=False, shrinking=True, tol=0.001,
  verbose=False)
Overall accuracy with C = 100.000000 and gamma = 0.010000: 0.955000
Accuracy with C = 100.000000 and gamma = 0.015000 on fold 1: 0.956000
Accuracy with C = 100.000000 and gamma = 0.015000 on fold 2: 0.955000
Accuracy with C = 100.000000 and gamma = 0.015000 on fold 3: 0.959000
Accuracy with C = 100.000000 and gamma = 0.015000 on fold 4: 0.949000
Accuracy with C = 100.000000 and gamma = 0.015000 on fold 5: 0.970000
SVC(C=100, cache_size=750, class_weight=None, coef0=0.0, degree=3,
  gamma=0.015, kernel=rbf, max_iter=-1, probability=False, shrinking=True,
  tol=0.001, verbose=False)
Overall accuracy with C = 100.000000 and gamma = 0.015000: 0.957800
Accuracy with C = 100.000000 and gamma = 0.020000 on fold 1: 0.962000
Accuracy with C = 100.000000 and gamma = 0.020000 on fold 2: 0.960000
Accuracy with C = 100.000000 and gamma = 0.020000 on fold 3: 0.963000
Accuracy with C = 100.000000 and gamma = 0.020000 on fold 4: 0.948000
Accuracy with C = 100.000000 and gamma = 0.020000 on fold 5: 0.971000
SVC(C=100, cache_size=750, class_weight=None, coef0=0.0, degree=3, gamma=0.02,
  kernel=rbf, max_iter=-1, probability=False, shrinking=True, tol=0.001,
  verbose=False)
Overall accuracy with C = 100.000000 and gamma = 0.020000: 0.960800
Accuracy with C = 100.000000 and gamma = 0.025000 on fold 1: 0.963000
Accuracy with C = 100.000000 and gamma = 0.025000 on fold 2: 0.960000
Accuracy with C = 100.000000 and gamma = 0.025000 on fold 3: 0.962000
Accuracy with C = 100.000000 and gamma = 0.025000 on fold 4: 0.949000
Accuracy with C = 100.000000 and gamma = 0.025000 on fold 5: 0.968000
SVC(C=100, cache_size=750, class_weight=None, coef0=0.0, degree=3,
  gamma=0.025, kernel=rbf, max_iter=-1, probability=False, shrinking=True,
  tol=0.001, verbose=False)
Overall accuracy with C = 100.000000 and gamma = 0.025000: 0.960400
Accuracy with C = 300.000000 and gamma = 0.010000 on fold 1: 0.952000
Accuracy with C = 300.000000 and gamma = 0.010000 on fold 2: 0.950000
Accuracy with C = 300.000000 and gamma = 0.010000 on fold 3: 0.955000
Accuracy with C = 300.000000 and gamma = 0.010000 on fold 4: 0.949000
Accuracy with C = 300.000000 and gamma = 0.010000 on fold 5: 0.969000
SVC(C=300, cache_size=750, class_weight=None, coef0=0.0, degree=3, gamma=0.01,
  kernel=rbf, max_iter=-1, probability=False, shrinking=True, tol=0.001,
  verbose=False)
Overall accuracy with C = 300.000000 and gamma = 0.010000: 0.955000
Accuracy with C = 300.000000 and gamma = 0.015000 on fold 1: 0.956000
Accuracy with C = 300.000000 and gamma = 0.015000 on fold 2: 0.955000
Accuracy with C = 300.000000 and gamma = 0.015000 on fold 3: 0.959000
Accuracy with C = 300.000000 and gamma = 0.015000 on fold 4: 0.949000
Accuracy with C = 300.000000 and gamma = 0.015000 on fold 5: 0.970000
SVC(C=300, cache_size=750, class_weight=None, coef0=0.0, degree=3,
  gamma=0.015, kernel=rbf, max_iter=-1, probability=False, shrinking=True,
  tol=0.001, verbose=False)
Overall accuracy with C = 300.000000 and gamma = 0.015000: 0.957800
Accuracy with C = 300.000000 and gamma = 0.020000 on fold 1: 0.962000
Accuracy with C = 300.000000 and gamma = 0.020000 on fold 2: 0.960000
Accuracy with C = 300.000000 and gamma = 0.020000 on fold 3: 0.963000
Accuracy with C = 300.000000 and gamma = 0.020000 on fold 4: 0.948000
Accuracy with C = 300.000000 and gamma = 0.020000 on fold 5: 0.971000
SVC(C=300, cache_size=750, class_weight=None, coef0=0.0, degree=3, gamma=0.02,
  kernel=rbf, max_iter=-1, probability=False, shrinking=True, tol=0.001,
  verbose=False)
Overall accuracy with C = 300.000000 and gamma = 0.020000: 0.960800
Accuracy with C = 300.000000 and gamma = 0.025000 on fold 1: 0.963000
Accuracy with C = 300.000000 and gamma = 0.025000 on fold 2: 0.960000
Accuracy with C = 300.000000 and gamma = 0.025000 on fold 3: 0.962000
Accuracy with C = 300.000000 and gamma = 0.025000 on fold 4: 0.949000
Accuracy with C = 300.000000 and gamma = 0.025000 on fold 5: 0.968000
SVC(C=300, cache_size=750, class_weight=None, coef0=0.0, degree=3,
  gamma=0.025, kernel=rbf, max_iter=-1, probability=False, shrinking=True,
  tol=0.001, verbose=False)
Overall accuracy with C = 300.000000 and gamma = 0.025000: 0.960400
Starting at 2013-06-16 04:17:28.042102Data sets loaded and split
Accuracy with C = 100.000000 and gamma = 0.015000 on fold 1: 0.956000
Accuracy with C = 100.000000 and gamma = 0.015000 on fold 2: 0.955000
Accuracy with C = 100.000000 and gamma = 0.015000 on fold 3: 0.959000
Accuracy with C = 100.000000 and gamma = 0.015000 on fold 4: 0.949000
Accuracy with C = 100.000000 and gamma = 0.015000 on fold 5: 0.970000
SVC(C=100, cache_size=750, class_weight=None, coef0=0.0, degree=3,
  gamma=0.015, kernel=rbf, max_iter=-1, probability=False, shrinking=True,
  tol=0.001, verbose=False)
Overall accuracy with C = 100.000000 and gamma = 0.015000: 0.957800
Accuracy with C = 100.000000 and gamma = 0.017500 on fold 1: 0.959000
Accuracy with C = 100.000000 and gamma = 0.017500 on fold 2: 0.959000
Accuracy with C = 100.000000 and gamma = 0.017500 on fold 3: 0.962000
Accuracy with C = 100.000000 and gamma = 0.017500 on fold 4: 0.949000
Accuracy with C = 100.000000 and gamma = 0.017500 on fold 5: 0.970000
SVC(C=100, cache_size=750, class_weight=None, coef0=0.0, degree=3,
  gamma=0.0175, kernel=rbf, max_iter=-1, probability=False, shrinking=True,
  tol=0.001, verbose=False)
Overall accuracy with C = 100.000000 and gamma = 0.017500: 0.959800
Accuracy with C = 100.000000 and gamma = 0.020000 on fold 1: 0.962000
Accuracy with C = 100.000000 and gamma = 0.020000 on fold 2: 0.960000
Accuracy with C = 100.000000 and gamma = 0.020000 on fold 3: 0.963000
Accuracy with C = 100.000000 and gamma = 0.020000 on fold 4: 0.948000
Accuracy with C = 100.000000 and gamma = 0.020000 on fold 5: 0.971000
SVC(C=100, cache_size=750, class_weight=None, coef0=0.0, degree=3, gamma=0.02,
  kernel=rbf, max_iter=-1, probability=False, shrinking=True, tol=0.001,
  verbose=False)
Overall accuracy with C = 100.000000 and gamma = 0.020000: 0.960800
Accuracy with C = 100.000000 and gamma = 0.022500 on fold 1: 0.962000
Accuracy with C = 100.000000 and gamma = 0.022500 on fold 2: 0.959000
Accuracy with C = 100.000000 and gamma = 0.022500 on fold 3: 0.963000
Accuracy with C = 100.000000 and gamma = 0.022500 on fold 4: 0.948000
Accuracy with C = 100.000000 and gamma = 0.022500 on fold 5: 0.969000
SVC(C=100, cache_size=750, class_weight=None, coef0=0.0, degree=3,
  gamma=0.0225, kernel=rbf, max_iter=-1, probability=False, shrinking=True,
  tol=0.001, verbose=False)
Overall accuracy with C = 100.000000 and gamma = 0.022500: 0.960200
Accuracy with C = 100.000000 and gamma = 0.025000 on fold 1: 0.963000
Accuracy with C = 100.000000 and gamma = 0.025000 on fold 2: 0.960000
Accuracy with C = 100.000000 and gamma = 0.025000 on fold 3: 0.962000
Accuracy with C = 100.000000 and gamma = 0.025000 on fold 4: 0.949000
Accuracy with C = 100.000000 and gamma = 0.025000 on fold 5: 0.968000
SVC(C=100, cache_size=750, class_weight=None, coef0=0.0, degree=3,
  gamma=0.025, kernel=rbf, max_iter=-1, probability=False, shrinking=True,
  tol=0.001, verbose=False)
Overall accuracy with C = 100.000000 and gamma = 0.025000: 0.960400
Accuracy with C = 300.000000 and gamma = 0.015000 on fold 1: 0.956000
Accuracy with C = 300.000000 and gamma = 0.015000 on fold 2: 0.955000
Accuracy with C = 300.000000 and gamma = 0.015000 on fold 3: 0.959000
Accuracy with C = 300.000000 and gamma = 0.015000 on fold 4: 0.949000
Accuracy with C = 300.000000 and gamma = 0.015000 on fold 5: 0.970000
SVC(C=300, cache_size=750, class_weight=None, coef0=0.0, degree=3,
  gamma=0.015, kernel=rbf, max_iter=-1, probability=False, shrinking=True,
  tol=0.001, verbose=False)
Overall accuracy with C = 300.000000 and gamma = 0.015000: 0.957800
Accuracy with C = 300.000000 and gamma = 0.017500 on fold 1: 0.959000
Accuracy with C = 300.000000 and gamma = 0.017500 on fold 2: 0.959000
Accuracy with C = 300.000000 and gamma = 0.017500 on fold 3: 0.962000
Accuracy with C = 300.000000 and gamma = 0.017500 on fold 4: 0.949000
Accuracy with C = 300.000000 and gamma = 0.017500 on fold 5: 0.970000
SVC(C=300, cache_size=750, class_weight=None, coef0=0.0, degree=3,
  gamma=0.0175, kernel=rbf, max_iter=-1, probability=False, shrinking=True,
  tol=0.001, verbose=False)
Overall accuracy with C = 300.000000 and gamma = 0.017500: 0.959800
Accuracy with C = 300.000000 and gamma = 0.020000 on fold 1: 0.962000
Accuracy with C = 300.000000 and gamma = 0.020000 on fold 2: 0.960000
Accuracy with C = 300.000000 and gamma = 0.020000 on fold 3: 0.963000
Accuracy with C = 300.000000 and gamma = 0.020000 on fold 4: 0.948000
Accuracy with C = 300.000000 and gamma = 0.020000 on fold 5: 0.971000
SVC(C=300, cache_size=750, class_weight=None, coef0=0.0, degree=3, gamma=0.02,
  kernel=rbf, max_iter=-1, probability=False, shrinking=True, tol=0.001,
  verbose=False)
Overall accuracy with C = 300.000000 and gamma = 0.020000: 0.960800
Accuracy with C = 300.000000 and gamma = 0.022500 on fold 1: 0.962000
Accuracy with C = 300.000000 and gamma = 0.022500 on fold 2: 0.959000
Accuracy with C = 300.000000 and gamma = 0.022500 on fold 3: 0.963000
Accuracy with C = 300.000000 and gamma = 0.022500 on fold 4: 0.948000
Accuracy with C = 300.000000 and gamma = 0.022500 on fold 5: 0.969000
SVC(C=300, cache_size=750, class_weight=None, coef0=0.0, degree=3,
  gamma=0.0225, kernel=rbf, max_iter=-1, probability=False, shrinking=True,
  tol=0.001, verbose=False)
Overall accuracy with C = 300.000000 and gamma = 0.022500: 0.960200
Accuracy with C = 300.000000 and gamma = 0.025000 on fold 1: 0.963000
Accuracy with C = 300.000000 and gamma = 0.025000 on fold 2: 0.960000
Accuracy with C = 300.000000 and gamma = 0.025000 on fold 3: 0.962000
Accuracy with C = 300.000000 and gamma = 0.025000 on fold 4: 0.949000
Accuracy with C = 300.000000 and gamma = 0.025000 on fold 5: 0.968000
SVC(C=300, cache_size=750, class_weight=None, coef0=0.0, degree=3,
  gamma=0.025, kernel=rbf, max_iter=-1, probability=False, shrinking=True,
  tol=0.001, verbose=False)
Overall accuracy with C = 300.000000 and gamma = 0.025000: 0.960400
Accuracy with C = 1000.000000 and gamma = 0.015000 on fold 1: 0.956000
Accuracy with C = 1000.000000 and gamma = 0.015000 on fold 2: 0.955000
Accuracy with C = 1000.000000 and gamma = 0.015000 on fold 3: 0.959000
Accuracy with C = 1000.000000 and gamma = 0.015000 on fold 4: 0.949000
Accuracy with C = 1000.000000 and gamma = 0.015000 on fold 5: 0.970000
SVC(C=1000, cache_size=750, class_weight=None, coef0=0.0, degree=3,
  gamma=0.015, kernel=rbf, max_iter=-1, probability=False, shrinking=True,
  tol=0.001, verbose=False)
Overall accuracy with C = 1000.000000 and gamma = 0.015000: 0.957800
Accuracy with C = 1000.000000 and gamma = 0.017500 on fold 1: 0.959000
Accuracy with C = 1000.000000 and gamma = 0.017500 on fold 2: 0.959000
Accuracy with C = 1000.000000 and gamma = 0.017500 on fold 3: 0.962000
Accuracy with C = 1000.000000 and gamma = 0.017500 on fold 4: 0.949000
Accuracy with C = 1000.000000 and gamma = 0.017500 on fold 5: 0.970000
SVC(C=1000, cache_size=750, class_weight=None, coef0=0.0, degree=3,
  gamma=0.0175, kernel=rbf, max_iter=-1, probability=False, shrinking=True,
  tol=0.001, verbose=False)
Overall accuracy with C = 1000.000000 and gamma = 0.017500: 0.959800
Accuracy with C = 1000.000000 and gamma = 0.020000 on fold 1: 0.962000
Accuracy with C = 1000.000000 and gamma = 0.020000 on fold 2: 0.960000
Accuracy with C = 1000.000000 and gamma = 0.020000 on fold 3: 0.963000
Accuracy with C = 1000.000000 and gamma = 0.020000 on fold 4: 0.948000
Accuracy with C = 1000.000000 and gamma = 0.020000 on fold 5: 0.971000
SVC(C=1000, cache_size=750, class_weight=None, coef0=0.0, degree=3,
  gamma=0.02, kernel=rbf, max_iter=-1, probability=False, shrinking=True,
  tol=0.001, verbose=False)
Overall accuracy with C = 1000.000000 and gamma = 0.020000: 0.960800
Accuracy with C = 1000.000000 and gamma = 0.022500 on fold 1: 0.962000
Accuracy with C = 1000.000000 and gamma = 0.022500 on fold 2: 0.959000
Accuracy with C = 1000.000000 and gamma = 0.022500 on fold 3: 0.963000
Accuracy with C = 1000.000000 and gamma = 0.022500 on fold 4: 0.948000
Accuracy with C = 1000.000000 and gamma = 0.022500 on fold 5: 0.969000
SVC(C=1000, cache_size=750, class_weight=None, coef0=0.0, degree=3,
  gamma=0.0225, kernel=rbf, max_iter=-1, probability=False, shrinking=True,
  tol=0.001, verbose=False)
Overall accuracy with C = 1000.000000 and gamma = 0.022500: 0.960200
Accuracy with C = 1000.000000 and gamma = 0.025000 on fold 1: 0.963000
Accuracy with C = 1000.000000 and gamma = 0.025000 on fold 2: 0.960000
Accuracy with C = 1000.000000 and gamma = 0.025000 on fold 3: 0.962000
Accuracy with C = 1000.000000 and gamma = 0.025000 on fold 4: 0.949000
Accuracy with C = 1000.000000 and gamma = 0.025000 on fold 5: 0.968000
SVC(C=1000, cache_size=750, class_weight=None, coef0=0.0, degree=3,
  gamma=0.025, kernel=rbf, max_iter=-1, probability=False, shrinking=True,
  tol=0.001, verbose=False)
Overall accuracy with C = 1000.000000 and gamma = 0.025000: 0.960400


Starting at 2013-06-16 04:52:06.043762
Data sets loaded and split
Accuracy with C = 100.000000 and gamma = 0.015000 on fold 1: 0.980595
Accuracy with C = 100.000000 and gamma = 0.015000 on fold 2: 0.981667
Accuracy with C = 100.000000 and gamma = 0.015000 on fold 3: 0.978452
Accuracy with C = 100.000000 and gamma = 0.015000 on fold 4: 0.980833
Accuracy with C = 100.000000 and gamma = 0.015000 on fold 5: 0.982500
SVC(C=100, cache_size=750, class_weight=None, coef0=0.0, degree=3,
  gamma=0.015, kernel=rbf, max_iter=-1, probability=False, shrinking=True,
  tol=0.001, verbose=False)
Overall accuracy with C = 100.000000 and gamma = 0.015000: 0.980810
Finishing at 2013-06-16 06:04:56.178464
Accuracy with C = 100.000000 and gamma = 0.017500 on fold 1: 0.981310
Accuracy with C = 100.000000 and gamma = 0.017500 on fold 2: 0.981905
Accuracy with C = 100.000000 and gamma = 0.017500 on fold 3: 0.979167
Accuracy with C = 100.000000 and gamma = 0.017500 on fold 4: 0.980833
Accuracy with C = 100.000000 and gamma = 0.017500 on fold 5: 0.982381
SVC(C=100, cache_size=750, class_weight=None, coef0=0.0, degree=3,
  gamma=0.0175, kernel=rbf, max_iter=-1, probability=False, shrinking=True,
  tol=0.001, verbose=False)
Overall accuracy with C = 100.000000 and gamma = 0.017500: 0.981119
Finishing at 2013-06-16 07:23:25.171950
Accuracy with C = 100.000000 and gamma = 0.020000 on fold 1: 0.981905
Accuracy with C = 100.000000 and gamma = 0.020000 on fold 2: 0.982619
Accuracy with C = 100.000000 and gamma = 0.020000 on fold 3: 0.979524
Accuracy with C = 100.000000 and gamma = 0.020000 on fold 4: 0.981190
Accuracy with C = 100.000000 and gamma = 0.020000 on fold 5: 0.982619
SVC(C=100, cache_size=750, class_weight=None, coef0=0.0, degree=3, gamma=0.02,
  kernel=rbf, max_iter=-1, probability=False, shrinking=True, tol=0.001,
  verbose=False)
Overall accuracy with C = 100.000000 and gamma = 0.020000: 0.981571
Finishing at 2013-06-16 08:21:56.417537
Accuracy with C = 100.000000 and gamma = 0.022500 on fold 1: 0.982262
Accuracy with C = 100.000000 and gamma = 0.022500 on fold 2: 0.982857
Accuracy with C = 100.000000 and gamma = 0.022500 on fold 3: 0.979643
Accuracy with C = 100.000000 and gamma = 0.022500 on fold 4: 0.981429
Accuracy with C = 100.000000 and gamma = 0.022500 on fold 5: 0.982857
SVC(C=100, cache_size=750, class_weight=None, coef0=0.0, degree=3,
  gamma=0.0225, kernel=rbf, max_iter=-1, probability=False, shrinking=True,
  tol=0.001, verbose=False)
Overall accuracy with C = 100.000000 and gamma = 0.022500: 0.981810
Finishing at 2013-06-16 09:07:49.275874
Accuracy with C = 100.000000 and gamma = 0.025000 on fold 1: 0.982500
Accuracy with C = 100.000000 and gamma = 0.025000 on fold 2: 0.983333
Accuracy with C = 100.000000 and gamma = 0.025000 on fold 3: 0.980238
Accuracy with C = 100.000000 and gamma = 0.025000 on fold 4: 0.982024
Accuracy with C = 100.000000 and gamma = 0.025000 on fold 5: 0.982738
SVC(C=100, cache_size=750, class_weight=None, coef0=0.0, degree=3,
  gamma=0.025, kernel=rbf, max_iter=-1, probability=False, shrinking=True,
  tol=0.001, verbose=False)
Overall accuracy with C = 100.000000 and gamma = 0.025000: 0.982167
Finishing at 2013-06-16 09:57:34.465795
Accuracy with C = 300.000000 and gamma = 0.015000 on fold 1: 0.980595
Accuracy with C = 300.000000 and gamma = 0.015000 on fold 2: 0.981667
Accuracy with C = 300.000000 and gamma = 0.015000 on fold 3: 0.978452
Accuracy with C = 300.000000 and gamma = 0.015000 on fold 4: 0.980833
Accuracy with C = 300.000000 and gamma = 0.015000 on fold 5: 0.982500
SVC(C=300, cache_size=750, class_weight=None, coef0=0.0, degree=3,
  gamma=0.015, kernel=rbf, max_iter=-1, probability=False, shrinking=True,
  tol=0.001, verbose=False)
Overall accuracy with C = 300.000000 and gamma = 0.015000: 0.980810
Finishing at 2013-06-16 10:33:57.318563
Accuracy with C = 300.000000 and gamma = 0.017500 on fold 1: 0.981310
Accuracy with C = 300.000000 and gamma = 0.017500 on fold 2: 0.981905
Accuracy with C = 300.000000 and gamma = 0.017500 on fold 3: 0.979167
Accuracy with C = 300.000000 and gamma = 0.017500 on fold 4: 0.980833
Accuracy with C = 300.000000 and gamma = 0.017500 on fold 5: 0.982381
SVC(C=300, cache_size=750, class_weight=None, coef0=0.0, degree=3,
  gamma=0.0175, kernel=rbf, max_iter=-1, probability=False, shrinking=True,
  tol=0.001, verbose=False)
Overall accuracy with C = 300.000000 and gamma = 0.017500: 0.981119
Finishing at 2013-06-16 11:13:05.996040
Accuracy with C = 300.000000 and gamma = 0.020000 on fold 1: 0.981905
Accuracy with C = 300.000000 and gamma = 0.020000 on fold 2: 0.982619
Accuracy with C = 300.000000 and gamma = 0.020000 on fold 3: 0.979524
Accuracy with C = 300.000000 and gamma = 0.020000 on fold 4: 0.981190
Accuracy with C = 300.000000 and gamma = 0.020000 on fold 5: 0.982619
SVC(C=300, cache_size=750, class_weight=None, coef0=0.0, degree=3, gamma=0.02,
  kernel=rbf, max_iter=-1, probability=False, shrinking=True, tol=0.001,
  verbose=False)
Overall accuracy with C = 300.000000 and gamma = 0.020000: 0.981571
Finishing at 2013-06-16 12:18:24.375333
Accuracy with C = 300.000000 and gamma = 0.022500 on fold 1: 0.982262
Accuracy with C = 300.000000 and gamma = 0.022500 on fold 2: 0.982857
Accuracy with C = 300.000000 and gamma = 0.022500 on fold 3: 0.979643
Accuracy with C = 300.000000 and gamma = 0.022500 on fold 4: 0.981429
Accuracy with C = 300.000000 and gamma = 0.022500 on fold 5: 0.982857
SVC(C=300, cache_size=750, class_weight=None, coef0=0.0, degree=3,
  gamma=0.0225, kernel=rbf, max_iter=-1, probability=False, shrinking=True,
  tol=0.001, verbose=False)
Overall accuracy with C = 300.000000 and gamma = 0.022500: 0.981810
Finishing at 2013-06-16 13:50:38.225956
Accuracy with C = 300.000000 and gamma = 0.025000 on fold 1: 0.982500
Accuracy with C = 300.000000 and gamma = 0.025000 on fold 2: 0.983333
Accuracy with C = 300.000000 and gamma = 0.025000 on fold 3: 0.980238
Accuracy with C = 300.000000 and gamma = 0.025000 on fold 4: 0.982024
Accuracy with C = 300.000000 and gamma = 0.025000 on fold 5: 0.982738
SVC(C=300, cache_size=750, class_weight=None, coef0=0.0, degree=3,
  gamma=0.025, kernel=rbf, max_iter=-1, probability=False, shrinking=True,
  tol=0.001, verbose=False)
Overall accuracy with C = 300.000000 and gamma = 0.025000: 0.982167
Finishing at 2013-06-16 15:30:26.734187
Accuracy with C = 1000.000000 and gamma = 0.015000 on fold 1: 0.980595
Accuracy with C = 1000.000000 and gamma = 0.015000 on fold 2: 0.981667
Accuracy with C = 1000.000000 and gamma = 0.015000 on fold 3: 0.978452
Accuracy with C = 1000.000000 and gamma = 0.015000 on fold 4: 0.980833
Accuracy with C = 1000.000000 and gamma = 0.015000 on fold 5: 0.982500
SVC(C=1000, cache_size=750, class_weight=None, coef0=0.0, degree=3,
  gamma=0.015, kernel=rbf, max_iter=-1, probability=False, shrinking=True,
  tol=0.001, verbose=False)
Overall accuracy with C = 1000.000000 and gamma = 0.015000: 0.980810
Finishing at 2013-06-16 16:43:10.215686
Accuracy with C = 1000.000000 and gamma = 0.017500 on fold 1: 0.981310
Accuracy with C = 1000.000000 and gamma = 0.017500 on fold 2: 0.981905
Accuracy with C = 1000.000000 and gamma = 0.017500 on fold 3: 0.979167
Accuracy with C = 1000.000000 and gamma = 0.017500 on fold 4: 0.980833
Accuracy with C = 1000.000000 and gamma = 0.017500 on fold 5: 0.982381
SVC(C=1000, cache_size=750, class_weight=None, coef0=0.0, degree=3,
  gamma=0.0175, kernel=rbf, max_iter=-1, probability=False, shrinking=True,
  tol=0.001, verbose=False)
Overall accuracy with C = 1000.000000 and gamma = 0.017500: 0.981119
Finishing at 2013-06-16 18:01:34.943921
Accuracy with C = 1000.000000 and gamma = 0.020000 on fold 1: 0.981905
Accuracy with C = 1000.000000 and gamma = 0.020000 on fold 2: 0.982619
Accuracy with C = 1000.000000 and gamma = 0.020000 on fold 3: 0.979524
Accuracy with C = 1000.000000 and gamma = 0.020000 on fold 4: 0.981190
Accuracy with C = 1000.000000 and gamma = 0.020000 on fold 5: 0.982619
SVC(C=1000, cache_size=750, class_weight=None, coef0=0.0, degree=3,
  gamma=0.02, kernel=rbf, max_iter=-1, probability=False, shrinking=True,
  tol=0.001, verbose=False)
Overall accuracy with C = 1000.000000 and gamma = 0.020000: 0.981571
Finishing at 2013-06-16 19:26:24.793067
Accuracy with C = 1000.000000 and gamma = 0.022500 on fold 1: 0.982262
Accuracy with C = 1000.000000 and gamma = 0.022500 on fold 2: 0.982857
Accuracy with C = 1000.000000 and gamma = 0.022500 on fold 3: 0.979643
Accuracy with C = 1000.000000 and gamma = 0.022500 on fold 4: 0.981429
Accuracy with C = 1000.000000 and gamma = 0.022500 on fold 5: 0.982857
SVC(C=1000, cache_size=750, class_weight=None, coef0=0.0, degree=3,
  gamma=0.0225, kernel=rbf, max_iter=-1, probability=False, shrinking=True,
  tol=0.001, verbose=False)
Overall accuracy with C = 1000.000000 and gamma = 0.022500: 0.981810
Finishing at 2013-06-16 20:58:17.431312
Accuracy with C = 1000.000000 and gamma = 0.025000 on fold 1: 0.982500
Accuracy with C = 1000.000000 and gamma = 0.025000 on fold 2: 0.983333
Accuracy with C = 1000.000000 and gamma = 0.025000 on fold 3: 0.980238
Accuracy with C = 1000.000000 and gamma = 0.025000 on fold 4: 0.982024
Accuracy with C = 1000.000000 and gamma = 0.025000 on fold 5: 0.982738
SVC(C=1000, cache_size=750, class_weight=None, coef0=0.0, degree=3,
  gamma=0.025, kernel=rbf, max_iter=-1, probability=False, shrinking=True,
  tol=0.001, verbose=False)
Overall accuracy with C = 1000.000000 and gamma = 0.025000: 0.982167
Finishing at 2013-06-16 22:37:55.974027
